
==========
== CUDA ==
==========

CUDA Version 12.1.1

Container image Copyright (c) 2016-2023, NVIDIA CORPORATION & AFFILIATES. All rights reserved.

This container image and its contents are governed by the NVIDIA Deep Learning Container License.
By pulling and using the container, you accept the terms and conditions of this license:
https://developer.nvidia.com/ngc/nvidia-deep-learning-container-license

A copy of this license is made available in this container at /NGC-DL-CONTAINER-LICENSE for your convenience.

Running on host: exml_team013-135876.0-thera.hpc.uni-saarland.de
CUDA_VISIBLE_DEVICES: GPU-68be5ec7-c47e-1d16-f07a-50dbde50cca0
✓ Random seed set to 42
Downloading https://www.cs.toronto.edu/~kriz/cifar-10-python.tar.gz to ./data/cifar-10-python.tar.gz
Extracting ./data/cifar-10-python.tar.gz to ./data
Files already downloaded and verified
✓ Model weights initialized with Kaiming initialization
================================================================================
RESNET18 TRAINING - PRODUCTION VERSION v4.0
Random Seed: 42
Total Epochs: 200
================================================================================
✓ Starting training from scratch
RUNNING IMAGE VERSION: EPOCHS = 200 (starting from epoch 0)
================================================================================
Epoch [1/200], Step [100/391], Loss: 2.5073
Epoch [1/200], Step [200/391], Loss: 1.9820
Epoch [1/200], Step [300/391], Loss: 1.8627
⭐ New best accuracy: 46.10% at epoch 1 (saved)
Epoch [1/200] - Train Loss: 2.0367, Train Acc: 32.28%, Test Loss: 1.6657, Test Acc: 46.10%, LR: 0.100000
Epoch [2/200], Step [100/391], Loss: 1.7476
Epoch [2/200], Step [200/391], Loss: 1.7061
Epoch [2/200], Step [300/391], Loss: 1.6624
⭐ New best accuracy: 51.28% at epoch 2 (saved)
Epoch [2/200] - Train Loss: 1.6860, Train Acc: 44.97%, Test Loss: 1.5470, Test Acc: 51.28%, LR: 0.100000
Epoch [3/200], Step [100/391], Loss: 1.6164
Epoch [3/200], Step [200/391], Loss: 1.5811
Epoch [3/200], Step [300/391], Loss: 1.5578
⭐ New best accuracy: 51.74% at epoch 3 (saved)
Epoch [3/200] - Train Loss: 1.5741, Train Acc: 50.80%, Test Loss: 1.5652, Test Acc: 51.74%, LR: 0.100000
Epoch [4/200], Step [100/391], Loss: 1.5253
Epoch [4/200], Step [200/391], Loss: 1.5013
Epoch [4/200], Step [300/391], Loss: 1.4838
⭐ New best accuracy: 58.14% at epoch 4 (saved)
Epoch [4/200] - Train Loss: 1.4927, Train Acc: 54.70%, Test Loss: 1.4452, Test Acc: 58.14%, LR: 0.100000
Epoch [5/200], Step [100/391], Loss: 1.4715
Epoch [5/200], Step [200/391], Loss: 1.4436
Epoch [5/200], Step [300/391], Loss: 1.4473
⭐ New best accuracy: 64.18% at epoch 5 (saved)
Epoch [5/200] - Train Loss: 1.4476, Train Acc: 56.98%, Test Loss: 1.3010, Test Acc: 64.18%, LR: 0.100000
Epoch [6/200], Step [100/391], Loss: 1.4209
Epoch [6/200], Step [200/391], Loss: 1.4220
Epoch [6/200], Step [300/391], Loss: 1.4241
Epoch [6/200] - Train Loss: 1.4100, Train Acc: 58.76%, Test Loss: 1.3100, Test Acc: 63.61%, LR: 0.100000
Epoch [7/200], Step [100/391], Loss: 1.4135
Epoch [7/200], Step [200/391], Loss: 1.3885
Epoch [7/200], Step [300/391], Loss: 1.3813
⭐ New best accuracy: 66.13% at epoch 7 (saved)
Epoch [7/200] - Train Loss: 1.3873, Train Acc: 59.98%, Test Loss: 1.2630, Test Acc: 66.13%, LR: 0.100000
Epoch [8/200], Step [100/391], Loss: 1.3829
Epoch [8/200], Step [200/391], Loss: 1.3639
Epoch [8/200], Step [300/391], Loss: 1.3644
⭐ New best accuracy: 67.24% at epoch 8 (saved)
Epoch [8/200] - Train Loss: 1.3626, Train Acc: 61.08%, Test Loss: 1.2357, Test Acc: 67.24%, LR: 0.100000
Epoch [9/200], Step [100/391], Loss: 1.3609
Epoch [9/200], Step [200/391], Loss: 1.3558
Epoch [9/200], Step [300/391], Loss: 1.3507
Epoch [9/200] - Train Loss: 1.3514, Train Acc: 61.63%, Test Loss: 1.2505, Test Acc: 67.11%, LR: 0.100000
Epoch [10/200], Step [100/391], Loss: 1.3453
Epoch [10/200], Step [200/391], Loss: 1.3383
Epoch [10/200], Step [300/391], Loss: 1.3379
⭐ New best accuracy: 69.07% at epoch 10 (saved)
Epoch [10/200] - Train Loss: 1.3325, Train Acc: 62.66%, Test Loss: 1.2047, Test Acc: 69.07%, LR: 0.100000
Epoch [11/200], Step [100/391], Loss: 1.3353
Epoch [11/200], Step [200/391], Loss: 1.3277
Epoch [11/200], Step [300/391], Loss: 1.3271
⭐ New best accuracy: 70.28% at epoch 11 (saved)
Epoch [11/200] - Train Loss: 1.3234, Train Acc: 62.90%, Test Loss: 1.1641, Test Acc: 70.28%, LR: 0.100000
Epoch [12/200], Step [100/391], Loss: 1.3404
Epoch [12/200], Step [200/391], Loss: 1.3164
Epoch [12/200], Step [300/391], Loss: 1.3023
Epoch [12/200] - Train Loss: 1.3139, Train Acc: 63.28%, Test Loss: 1.1784, Test Acc: 70.02%, LR: 0.100000
Epoch [13/200], Step [100/391], Loss: 1.3203
Epoch [13/200], Step [200/391], Loss: 1.3055
Epoch [13/200], Step [300/391], Loss: 1.3008
Epoch [13/200] - Train Loss: 1.3024, Train Acc: 63.73%, Test Loss: 1.2352, Test Acc: 67.88%, LR: 0.100000
Epoch [14/200], Step [100/391], Loss: 1.3122
Epoch [14/200], Step [200/391], Loss: 1.2887
Epoch [14/200], Step [300/391], Loss: 1.2891
⭐ New best accuracy: 70.71% at epoch 14 (saved)
Epoch [14/200] - Train Loss: 1.2901, Train Acc: 64.71%, Test Loss: 1.1698, Test Acc: 70.71%, LR: 0.100000
Epoch [15/200], Step [100/391], Loss: 1.2934
Epoch [15/200], Step [200/391], Loss: 1.2918
Epoch [15/200], Step [300/391], Loss: 1.2964
Epoch [15/200] - Train Loss: 1.2898, Train Acc: 64.49%, Test Loss: 1.1790, Test Acc: 70.21%, LR: 0.100000
Epoch [16/200], Step [100/391], Loss: 1.2945
Epoch [16/200], Step [200/391], Loss: 1.2690
Epoch [16/200], Step [300/391], Loss: 1.2791
Epoch [16/200] - Train Loss: 1.2782, Train Acc: 65.09%, Test Loss: 1.1574, Test Acc: 70.53%, LR: 0.100000
Epoch [17/200], Step [100/391], Loss: 1.2759
Epoch [17/200], Step [200/391], Loss: 1.2756
Epoch [17/200], Step [300/391], Loss: 1.2686
Epoch [17/200] - Train Loss: 1.2727, Train Acc: 65.25%, Test Loss: 1.1772, Test Acc: 70.56%, LR: 0.100000
Epoch [18/200], Step [100/391], Loss: 1.2805
Epoch [18/200], Step [200/391], Loss: 1.2652
Epoch [18/200], Step [300/391], Loss: 1.2789
⭐ New best accuracy: 71.72% at epoch 18 (saved)
Epoch [18/200] - Train Loss: 1.2706, Train Acc: 65.56%, Test Loss: 1.1378, Test Acc: 71.72%, LR: 0.100000
Epoch [19/200], Step [100/391], Loss: 1.2663
Epoch [19/200], Step [200/391], Loss: 1.2752
Epoch [19/200], Step [300/391], Loss: 1.2645
⭐ New best accuracy: 73.05% at epoch 19 (saved)
Epoch [19/200] - Train Loss: 1.2642, Train Acc: 65.98%, Test Loss: 1.1088, Test Acc: 73.05%, LR: 0.100000
Epoch [20/200], Step [100/391], Loss: 1.2612
Epoch [20/200], Step [200/391], Loss: 1.2581
Epoch [20/200], Step [300/391], Loss: 1.2733
Epoch [20/200] - Train Loss: 1.2626, Train Acc: 66.10%, Test Loss: 1.1721, Test Acc: 69.94%, LR: 0.100000
Epoch [21/200], Step [100/391], Loss: 1.2707
Epoch [21/200], Step [200/391], Loss: 1.2539
Epoch [21/200], Step [300/391], Loss: 1.2556
Epoch [21/200] - Train Loss: 1.2546, Train Acc: 66.06%, Test Loss: 1.1525, Test Acc: 71.05%, LR: 0.100000
Epoch [22/200], Step [100/391], Loss: 1.2575
Epoch [22/200], Step [200/391], Loss: 1.2531
Epoch [22/200], Step [300/391], Loss: 1.2631
Epoch [22/200] - Train Loss: 1.2514, Train Acc: 66.36%, Test Loss: 1.1397, Test Acc: 71.89%, LR: 0.100000
Epoch [23/200], Step [100/391], Loss: 1.2629
Epoch [23/200], Step [200/391], Loss: 1.2415
Epoch [23/200], Step [300/391], Loss: 1.2522
⭐ New best accuracy: 73.64% at epoch 23 (saved)
Epoch [23/200] - Train Loss: 1.2481, Train Acc: 66.53%, Test Loss: 1.1120, Test Acc: 73.64%, LR: 0.100000
Epoch [24/200], Step [100/391], Loss: 1.2776
Epoch [24/200], Step [200/391], Loss: 1.2404
Epoch [24/200], Step [300/391], Loss: 1.2483
Epoch [24/200] - Train Loss: 1.2491, Train Acc: 66.56%, Test Loss: 1.1884, Test Acc: 69.47%, LR: 0.100000
Epoch [25/200], Step [100/391], Loss: 1.2523
Epoch [25/200], Step [200/391], Loss: 1.2461
Epoch [25/200], Step [300/391], Loss: 1.2489
Epoch [25/200] - Train Loss: 1.2404, Train Acc: 66.96%, Test Loss: 1.1488, Test Acc: 71.54%, LR: 0.100000
Epoch [26/200], Step [100/391], Loss: 1.2581
Epoch [26/200], Step [200/391], Loss: 1.2495
Epoch [26/200], Step [300/391], Loss: 1.2320
Epoch [26/200] - Train Loss: 1.2412, Train Acc: 66.52%, Test Loss: 1.2055, Test Acc: 69.13%, LR: 0.100000
Epoch [27/200], Step [100/391], Loss: 1.2559
Epoch [27/200], Step [200/391], Loss: 1.2249
Epoch [27/200], Step [300/391], Loss: 1.2417
Epoch [27/200] - Train Loss: 1.2370, Train Acc: 67.04%, Test Loss: 1.1442, Test Acc: 71.75%, LR: 0.100000
Epoch [28/200], Step [100/391], Loss: 1.2590
Epoch [28/200], Step [200/391], Loss: 1.2281
Epoch [28/200], Step [300/391], Loss: 1.2275
Epoch [28/200] - Train Loss: 1.2367, Train Acc: 66.74%, Test Loss: 1.1402, Test Acc: 72.15%, LR: 0.100000
Epoch [29/200], Step [100/391], Loss: 1.2489
Epoch [29/200], Step [200/391], Loss: 1.2380
Epoch [29/200], Step [300/391], Loss: 1.2272
Epoch [29/200] - Train Loss: 1.2330, Train Acc: 67.13%, Test Loss: 1.1299, Test Acc: 71.83%, LR: 0.100000
Epoch [30/200], Step [100/391], Loss: 1.2436
Epoch [30/200], Step [200/391], Loss: 1.2315
Epoch [30/200], Step [300/391], Loss: 1.2329
Epoch [30/200] - Train Loss: 1.2301, Train Acc: 67.42%, Test Loss: 1.1119, Test Acc: 72.95%, LR: 0.100000
Epoch [31/200], Step [100/391], Loss: 1.2485
Epoch [31/200], Step [200/391], Loss: 1.2277
Epoch [31/200], Step [300/391], Loss: 1.2228
Epoch [31/200] - Train Loss: 1.2303, Train Acc: 67.40%, Test Loss: 1.2073, Test Acc: 68.88%, LR: 0.100000
Epoch [32/200], Step [100/391], Loss: 1.2451
Epoch [32/200], Step [200/391], Loss: 1.2370
Epoch [32/200], Step [300/391], Loss: 1.2217
Epoch [32/200] - Train Loss: 1.2290, Train Acc: 67.58%, Test Loss: 1.0946, Test Acc: 73.26%, LR: 0.100000
Epoch [33/200], Step [100/391], Loss: 1.2351
Epoch [33/200], Step [200/391], Loss: 1.2379
Epoch [33/200], Step [300/391], Loss: 1.2307
Epoch [33/200] - Train Loss: 1.2285, Train Acc: 67.36%, Test Loss: 1.1621, Test Acc: 70.76%, LR: 0.100000
Epoch [34/200], Step [100/391], Loss: 1.2365
Epoch [34/200], Step [200/391], Loss: 1.2281
Epoch [34/200], Step [300/391], Loss: 1.2374
Epoch [34/200] - Train Loss: 1.2304, Train Acc: 67.25%, Test Loss: 1.1173, Test Acc: 72.60%, LR: 0.100000
Epoch [35/200], Step [100/391], Loss: 1.2338
Epoch [35/200], Step [200/391], Loss: 1.2194
Epoch [35/200], Step [300/391], Loss: 1.2264
⭐ New best accuracy: 74.15% at epoch 35 (saved)
Epoch [35/200] - Train Loss: 1.2235, Train Acc: 67.67%, Test Loss: 1.0924, Test Acc: 74.15%, LR: 0.100000
Epoch [36/200], Step [100/391], Loss: 1.2191
Epoch [36/200], Step [200/391], Loss: 1.2321
Epoch [36/200], Step [300/391], Loss: 1.2197
Epoch [36/200] - Train Loss: 1.2228, Train Acc: 67.69%, Test Loss: 1.1099, Test Acc: 73.56%, LR: 0.100000
Epoch [37/200], Step [100/391], Loss: 1.2214
Epoch [37/200], Step [200/391], Loss: 1.2299
Epoch [37/200], Step [300/391], Loss: 1.2187
Epoch [37/200] - Train Loss: 1.2219, Train Acc: 67.92%, Test Loss: 1.1424, Test Acc: 71.32%, LR: 0.100000
Epoch [38/200], Step [100/391], Loss: 1.2272
Epoch [38/200], Step [200/391], Loss: 1.2232
Epoch [38/200], Step [300/391], Loss: 1.2242
⭐ New best accuracy: 74.26% at epoch 38 (saved)
Epoch [38/200] - Train Loss: 1.2257, Train Acc: 67.60%, Test Loss: 1.0811, Test Acc: 74.26%, LR: 0.100000
Epoch [39/200], Step [100/391], Loss: 1.2322
Epoch [39/200], Step [200/391], Loss: 1.2224
Epoch [39/200], Step [300/391], Loss: 1.2304
Epoch [39/200] - Train Loss: 1.2237, Train Acc: 67.75%, Test Loss: 1.1286, Test Acc: 72.38%, LR: 0.100000
Epoch [40/200], Step [100/391], Loss: 1.2307
Epoch [40/200], Step [200/391], Loss: 1.2236
Epoch [40/200], Step [300/391], Loss: 1.2266
Epoch [40/200] - Train Loss: 1.2210, Train Acc: 67.82%, Test Loss: 1.1688, Test Acc: 70.67%, LR: 0.100000
Epoch [41/200], Step [100/391], Loss: 1.2243
Epoch [41/200], Step [200/391], Loss: 1.2276
Epoch [41/200], Step [300/391], Loss: 1.2240
Epoch [41/200] - Train Loss: 1.2189, Train Acc: 68.00%, Test Loss: 1.1727, Test Acc: 70.42%, LR: 0.100000
Epoch [42/200], Step [100/391], Loss: 1.2328
Epoch [42/200], Step [200/391], Loss: 1.2127
Epoch [42/200], Step [300/391], Loss: 1.2188
Epoch [42/200] - Train Loss: 1.2175, Train Acc: 67.98%, Test Loss: 1.0768, Test Acc: 74.04%, LR: 0.100000
Epoch [43/200], Step [100/391], Loss: 1.2165
Epoch [43/200], Step [200/391], Loss: 1.2276
Epoch [43/200], Step [300/391], Loss: 1.2299
Epoch [43/200] - Train Loss: 1.2186, Train Acc: 67.79%, Test Loss: 1.1162, Test Acc: 72.81%, LR: 0.100000
Epoch [44/200], Step [100/391], Loss: 1.2106
Epoch [44/200], Step [200/391], Loss: 1.2095
Epoch [44/200], Step [300/391], Loss: 1.2241
Epoch [44/200] - Train Loss: 1.2146, Train Acc: 68.15%, Test Loss: 1.1256, Test Acc: 72.50%, LR: 0.100000
Epoch [45/200], Step [100/391], Loss: 1.2124
Epoch [45/200], Step [200/391], Loss: 1.2133
Epoch [45/200], Step [300/391], Loss: 1.2228
Epoch [45/200] - Train Loss: 1.2134, Train Acc: 68.26%, Test Loss: 1.1484, Test Acc: 71.63%, LR: 0.100000
Epoch [46/200], Step [100/391], Loss: 1.2324
Epoch [46/200], Step [200/391], Loss: 1.2107
Epoch [46/200], Step [300/391], Loss: 1.2211
⭐ New best accuracy: 74.48% at epoch 46 (saved)
Epoch [46/200] - Train Loss: 1.2171, Train Acc: 67.82%, Test Loss: 1.0884, Test Acc: 74.48%, LR: 0.100000
Epoch [47/200], Step [100/391], Loss: 1.2195
Epoch [47/200], Step [200/391], Loss: 1.2162
Epoch [47/200], Step [300/391], Loss: 1.2187
Epoch [47/200] - Train Loss: 1.2155, Train Acc: 68.01%, Test Loss: 1.0845, Test Acc: 74.02%, LR: 0.100000
Epoch [48/200], Step [100/391], Loss: 1.2101
Epoch [48/200], Step [200/391], Loss: 1.2192
Epoch [48/200], Step [300/391], Loss: 1.2188
Epoch [48/200] - Train Loss: 1.2118, Train Acc: 68.33%, Test Loss: 1.1297, Test Acc: 72.42%, LR: 0.100000
Epoch [49/200], Step [100/391], Loss: 1.2308
Epoch [49/200], Step [200/391], Loss: 1.2140
Epoch [49/200], Step [300/391], Loss: 1.2138
Epoch [49/200] - Train Loss: 1.2179, Train Acc: 67.97%, Test Loss: 1.1438, Test Acc: 72.01%, LR: 0.100000
Epoch [50/200], Step [100/391], Loss: 1.2062
Epoch [50/200], Step [200/391], Loss: 1.2253
Epoch [50/200], Step [300/391], Loss: 1.2166
Epoch [50/200] - Train Loss: 1.2133, Train Acc: 68.13%, Test Loss: 1.0761, Test Acc: 74.35%, LR: 0.100000
Epoch [51/200], Step [100/391], Loss: 1.2334
Epoch [51/200], Step [200/391], Loss: 1.2175
Epoch [51/200], Step [300/391], Loss: 1.2158
Epoch [51/200] - Train Loss: 1.2127, Train Acc: 67.91%, Test Loss: 1.1554, Test Acc: 71.54%, LR: 0.100000
Epoch [52/200], Step [100/391], Loss: 1.2236
Epoch [52/200], Step [200/391], Loss: 1.2112
Epoch [52/200], Step [300/391], Loss: 1.2032
Epoch [52/200] - Train Loss: 1.2127, Train Acc: 68.36%, Test Loss: 1.0987, Test Acc: 73.08%, LR: 0.100000
Epoch [53/200], Step [100/391], Loss: 1.2116
Epoch [53/200], Step [200/391], Loss: 1.2138
Epoch [53/200], Step [300/391], Loss: 1.2165
Epoch [53/200] - Train Loss: 1.2122, Train Acc: 68.13%, Test Loss: 1.1427, Test Acc: 72.36%, LR: 0.100000
Epoch [54/200], Step [100/391], Loss: 1.2161
Epoch [54/200], Step [200/391], Loss: 1.2070
Epoch [54/200], Step [300/391], Loss: 1.2008
⭐ New best accuracy: 76.22% at epoch 54 (saved)
Epoch [54/200] - Train Loss: 1.2071, Train Acc: 68.42%, Test Loss: 1.0551, Test Acc: 76.22%, LR: 0.100000
Epoch [55/200], Step [100/391], Loss: 1.2133
Epoch [55/200], Step [200/391], Loss: 1.2167
Epoch [55/200], Step [300/391], Loss: 1.2097
Epoch [55/200] - Train Loss: 1.2119, Train Acc: 68.26%, Test Loss: 1.0841, Test Acc: 74.59%, LR: 0.100000
Epoch [56/200], Step [100/391], Loss: 1.2013
Epoch [56/200], Step [200/391], Loss: 1.2192
Epoch [56/200], Step [300/391], Loss: 1.2107
Epoch [56/200] - Train Loss: 1.2097, Train Acc: 68.35%, Test Loss: 1.1800, Test Acc: 70.35%, LR: 0.100000
Epoch [57/200], Step [100/391], Loss: 1.2115
Epoch [57/200], Step [200/391], Loss: 1.1901
Epoch [57/200], Step [300/391], Loss: 1.2178
Epoch [57/200] - Train Loss: 1.2052, Train Acc: 68.71%, Test Loss: 1.1323, Test Acc: 71.38%, LR: 0.100000
Epoch [58/200], Step [100/391], Loss: 1.2216
Epoch [58/200], Step [200/391], Loss: 1.1988
Epoch [58/200], Step [300/391], Loss: 1.2149
Epoch [58/200] - Train Loss: 1.2111, Train Acc: 68.10%, Test Loss: 1.0989, Test Acc: 73.57%, LR: 0.100000
Epoch [59/200], Step [100/391], Loss: 1.1885
Epoch [59/200], Step [200/391], Loss: 1.2090
Epoch [59/200], Step [300/391], Loss: 1.2197
Epoch [59/200] - Train Loss: 1.2017, Train Acc: 68.72%, Test Loss: 1.0789, Test Acc: 74.48%, LR: 0.100000
Epoch [60/200], Step [100/391], Loss: 1.2425
Epoch [60/200], Step [200/391], Loss: 1.1969
Epoch [60/200], Step [300/391], Loss: 1.2052
Epoch [60/200] - Train Loss: 1.2095, Train Acc: 68.15%, Test Loss: 1.0489, Test Acc: 75.74%, LR: 0.020000
Epoch [61/200], Step [100/391], Loss: 1.1127
Epoch [61/200], Step [200/391], Loss: 1.0608
Epoch [61/200], Step [300/391], Loss: 1.0622
⭐ New best accuracy: 82.16% at epoch 61 (saved)
Epoch [61/200] - Train Loss: 1.0664, Train Acc: 74.47%, Test Loss: 0.9003, Test Acc: 82.16%, LR: 0.020000
Epoch [62/200], Step [100/391], Loss: 1.0515
Epoch [62/200], Step [200/391], Loss: 1.0294
Epoch [62/200], Step [300/391], Loss: 1.0278
⭐ New best accuracy: 82.58% at epoch 62 (saved)
Epoch [62/200] - Train Loss: 1.0335, Train Acc: 76.15%, Test Loss: 0.8930, Test Acc: 82.58%, LR: 0.020000
Epoch [63/200], Step [100/391], Loss: 1.0348
Epoch [63/200], Step [200/391], Loss: 1.0240
Epoch [63/200], Step [300/391], Loss: 1.0140
Epoch [63/200] - Train Loss: 1.0184, Train Acc: 76.74%, Test Loss: 0.8916, Test Acc: 82.45%, LR: 0.020000
Epoch [64/200], Step [100/391], Loss: 1.0149
Epoch [64/200], Step [200/391], Loss: 1.0107
Epoch [64/200], Step [300/391], Loss: 1.0237
⭐ New best accuracy: 83.15% at epoch 64 (saved)
Epoch [64/200] - Train Loss: 1.0126, Train Acc: 77.15%, Test Loss: 0.8816, Test Acc: 83.15%, LR: 0.020000
Epoch [65/200], Step [100/391], Loss: 1.0101
Epoch [65/200], Step [200/391], Loss: 1.0065
Epoch [65/200], Step [300/391], Loss: 0.9880
Epoch [65/200] - Train Loss: 1.0008, Train Acc: 77.73%, Test Loss: 0.8865, Test Acc: 83.03%, LR: 0.020000
Epoch [66/200], Step [100/391], Loss: 0.9928
Epoch [66/200], Step [200/391], Loss: 1.0026
Epoch [66/200], Step [300/391], Loss: 1.0113
Epoch [66/200] - Train Loss: 0.9992, Train Acc: 77.43%, Test Loss: 0.8807, Test Acc: 83.15%, LR: 0.020000
Epoch [67/200], Step [100/391], Loss: 1.0046
Epoch [67/200], Step [200/391], Loss: 1.0010
Epoch [67/200], Step [300/391], Loss: 1.0025
⭐ New best accuracy: 83.20% at epoch 67 (saved)
Epoch [67/200] - Train Loss: 1.0009, Train Acc: 77.53%, Test Loss: 0.8811, Test Acc: 83.20%, LR: 0.020000
Epoch [68/200], Step [100/391], Loss: 1.0186
Epoch [68/200], Step [200/391], Loss: 0.9853
Epoch [68/200], Step [300/391], Loss: 0.9878
Epoch [68/200] - Train Loss: 0.9967, Train Acc: 77.71%, Test Loss: 0.8865, Test Acc: 83.07%, LR: 0.020000
Epoch [69/200], Step [100/391], Loss: 0.9965
Epoch [69/200], Step [200/391], Loss: 0.9989
Epoch [69/200], Step [300/391], Loss: 1.0090
⭐ New best accuracy: 83.35% at epoch 69 (saved)
Epoch [69/200] - Train Loss: 1.0008, Train Acc: 77.37%, Test Loss: 0.8747, Test Acc: 83.35%, LR: 0.020000
Epoch [70/200], Step [100/391], Loss: 1.0176
Epoch [70/200], Step [200/391], Loss: 0.9870
Epoch [70/200], Step [300/391], Loss: 1.0106
Epoch [70/200] - Train Loss: 1.0016, Train Acc: 77.32%, Test Loss: 0.8815, Test Acc: 83.07%, LR: 0.020000
Epoch [71/200], Step [100/391], Loss: 1.0140
Epoch [71/200], Step [200/391], Loss: 0.9977
Epoch [71/200], Step [300/391], Loss: 1.0067
⭐ New best accuracy: 83.42% at epoch 71 (saved)
Epoch [71/200] - Train Loss: 1.0011, Train Acc: 77.50%, Test Loss: 0.8781, Test Acc: 83.42%, LR: 0.020000
Epoch [72/200], Step [100/391], Loss: 1.0062
Epoch [72/200], Step [200/391], Loss: 0.9971
Epoch [72/200], Step [300/391], Loss: 1.0110
Epoch [72/200] - Train Loss: 1.0014, Train Acc: 77.43%, Test Loss: 0.9066, Test Acc: 82.03%, LR: 0.020000
Epoch [73/200], Step [100/391], Loss: 1.0081
Epoch [73/200], Step [200/391], Loss: 1.0023
Epoch [73/200], Step [300/391], Loss: 0.9963
Epoch [73/200] - Train Loss: 1.0000, Train Acc: 77.68%, Test Loss: 0.9047, Test Acc: 81.89%, LR: 0.020000
Epoch [74/200], Step [100/391], Loss: 1.0055
Epoch [74/200], Step [200/391], Loss: 0.9979
Epoch [74/200], Step [300/391], Loss: 0.9975
Epoch [74/200] - Train Loss: 0.9984, Train Acc: 77.53%, Test Loss: 0.8766, Test Acc: 83.38%, LR: 0.020000
Epoch [75/200], Step [100/391], Loss: 0.9948
Epoch [75/200], Step [200/391], Loss: 0.9901
Epoch [75/200], Step [300/391], Loss: 0.9997
Epoch [75/200] - Train Loss: 0.9947, Train Acc: 77.71%, Test Loss: 0.8919, Test Acc: 82.20%, LR: 0.020000
Epoch [76/200], Step [100/391], Loss: 0.9935
Epoch [76/200], Step [200/391], Loss: 0.9958
Epoch [76/200], Step [300/391], Loss: 0.9946
Epoch [76/200] - Train Loss: 0.9935, Train Acc: 77.77%, Test Loss: 0.9011, Test Acc: 82.33%, LR: 0.020000
Epoch [77/200], Step [100/391], Loss: 1.0061
Epoch [77/200], Step [200/391], Loss: 0.9981
Epoch [77/200], Step [300/391], Loss: 0.9927
Epoch [77/200] - Train Loss: 0.9935, Train Acc: 77.96%, Test Loss: 0.8813, Test Acc: 82.91%, LR: 0.020000
Epoch [78/200], Step [100/391], Loss: 0.9947
Epoch [78/200], Step [200/391], Loss: 0.9983
Epoch [78/200], Step [300/391], Loss: 0.9920
Epoch [78/200] - Train Loss: 0.9958, Train Acc: 77.76%, Test Loss: 0.8976, Test Acc: 82.25%, LR: 0.020000
Epoch [79/200], Step [100/391], Loss: 0.9938
Epoch [79/200], Step [200/391], Loss: 0.9915
Epoch [79/200], Step [300/391], Loss: 0.9928
⭐ New best accuracy: 83.52% at epoch 79 (saved)
Epoch [79/200] - Train Loss: 0.9922, Train Acc: 77.94%, Test Loss: 0.8776, Test Acc: 83.52%, LR: 0.020000
Epoch [80/200], Step [100/391], Loss: 1.0058
Epoch [80/200], Step [200/391], Loss: 0.9876
Epoch [80/200], Step [300/391], Loss: 0.9979
⭐ New best accuracy: 83.70% at epoch 80 (saved)
Epoch [80/200] - Train Loss: 0.9922, Train Acc: 78.03%, Test Loss: 0.8677, Test Acc: 83.70%, LR: 0.020000
Epoch [81/200], Step [100/391], Loss: 0.9964
Epoch [81/200], Step [200/391], Loss: 0.9906
Epoch [81/200], Step [300/391], Loss: 0.9916
Epoch [81/200] - Train Loss: 0.9908, Train Acc: 77.92%, Test Loss: 0.8849, Test Acc: 82.96%, LR: 0.020000
Epoch [82/200], Step [100/391], Loss: 1.0122
Epoch [82/200], Step [200/391], Loss: 0.9981
Epoch [82/200], Step [300/391], Loss: 0.9905
Epoch [82/200] - Train Loss: 0.9948, Train Acc: 77.98%, Test Loss: 0.8875, Test Acc: 82.97%, LR: 0.020000
Epoch [83/200], Step [100/391], Loss: 0.9947
Epoch [83/200], Step [200/391], Loss: 0.9920
Epoch [83/200], Step [300/391], Loss: 0.9954
Epoch [83/200] - Train Loss: 0.9887, Train Acc: 78.12%, Test Loss: 0.9128, Test Acc: 82.29%, LR: 0.020000
Epoch [84/200], Step [100/391], Loss: 0.9887
Epoch [84/200], Step [200/391], Loss: 0.9838
Epoch [84/200], Step [300/391], Loss: 0.9919
Epoch [84/200] - Train Loss: 0.9888, Train Acc: 78.16%, Test Loss: 0.9130, Test Acc: 81.75%, LR: 0.020000
Epoch [85/200], Step [100/391], Loss: 0.9960
Epoch [85/200], Step [200/391], Loss: 0.9897
Epoch [85/200], Step [300/391], Loss: 0.9872
Epoch [85/200] - Train Loss: 0.9904, Train Acc: 77.90%, Test Loss: 0.8942, Test Acc: 82.21%, LR: 0.020000
Epoch [86/200], Step [100/391], Loss: 0.9959
Epoch [86/200], Step [200/391], Loss: 0.9905
Epoch [86/200], Step [300/391], Loss: 0.9887
Epoch [86/200] - Train Loss: 0.9913, Train Acc: 78.05%, Test Loss: 0.8848, Test Acc: 83.15%, LR: 0.020000
Epoch [87/200], Step [100/391], Loss: 0.9886
Epoch [87/200], Step [200/391], Loss: 0.9898
Epoch [87/200], Step [300/391], Loss: 0.9876
Epoch [87/200] - Train Loss: 0.9863, Train Acc: 78.30%, Test Loss: 0.8850, Test Acc: 82.75%, LR: 0.020000
Epoch [88/200], Step [100/391], Loss: 0.9902
Epoch [88/200], Step [200/391], Loss: 1.0011
Epoch [88/200], Step [300/391], Loss: 0.9895
Epoch [88/200] - Train Loss: 0.9906, Train Acc: 78.15%, Test Loss: 0.8852, Test Acc: 83.24%, LR: 0.020000
Epoch [89/200], Step [100/391], Loss: 0.9923
Epoch [89/200], Step [200/391], Loss: 0.9879
Epoch [89/200], Step [300/391], Loss: 0.9876
⭐ New best accuracy: 83.91% at epoch 89 (saved)
Epoch [89/200] - Train Loss: 0.9859, Train Acc: 78.28%, Test Loss: 0.8652, Test Acc: 83.91%, LR: 0.020000
Epoch [90/200], Step [100/391], Loss: 0.9889
Epoch [90/200], Step [200/391], Loss: 0.9846
Epoch [90/200], Step [300/391], Loss: 0.9919
Epoch [90/200] - Train Loss: 0.9860, Train Acc: 78.06%, Test Loss: 0.8802, Test Acc: 83.27%, LR: 0.020000
Epoch [91/200], Step [100/391], Loss: 0.9866
Epoch [91/200], Step [200/391], Loss: 0.9934
Epoch [91/200], Step [300/391], Loss: 0.9847
Epoch [91/200] - Train Loss: 0.9839, Train Acc: 78.26%, Test Loss: 0.8864, Test Acc: 82.93%, LR: 0.020000
Epoch [92/200], Step [100/391], Loss: 0.9904
Epoch [92/200], Step [200/391], Loss: 0.9887
Epoch [92/200], Step [300/391], Loss: 0.9799
Epoch [92/200] - Train Loss: 0.9903, Train Acc: 77.93%, Test Loss: 0.9220, Test Acc: 81.26%, LR: 0.020000
Epoch [93/200], Step [100/391], Loss: 0.9806
Epoch [93/200], Step [200/391], Loss: 0.9864
Epoch [93/200], Step [300/391], Loss: 0.9877
Epoch [93/200] - Train Loss: 0.9859, Train Acc: 78.30%, Test Loss: 0.8629, Test Acc: 83.66%, LR: 0.020000
Epoch [94/200], Step [100/391], Loss: 0.9790
Epoch [94/200], Step [200/391], Loss: 0.9921
Epoch [94/200], Step [300/391], Loss: 0.9952
Epoch [94/200] - Train Loss: 0.9865, Train Acc: 78.18%, Test Loss: 0.8824, Test Acc: 83.11%, LR: 0.020000
Epoch [95/200], Step [100/391], Loss: 0.9971
Epoch [95/200], Step [200/391], Loss: 0.9770
Epoch [95/200], Step [300/391], Loss: 0.9999
Epoch [95/200] - Train Loss: 0.9883, Train Acc: 78.04%, Test Loss: 0.8944, Test Acc: 82.25%, LR: 0.020000
Epoch [96/200], Step [100/391], Loss: 0.9868
Epoch [96/200], Step [200/391], Loss: 0.9831
Epoch [96/200], Step [300/391], Loss: 0.9827
Epoch [96/200] - Train Loss: 0.9825, Train Acc: 78.54%, Test Loss: 0.9071, Test Acc: 81.73%, LR: 0.020000
Epoch [97/200], Step [100/391], Loss: 0.9889
Epoch [97/200], Step [200/391], Loss: 0.9753
Epoch [97/200], Step [300/391], Loss: 0.9766
Epoch [97/200] - Train Loss: 0.9795, Train Acc: 78.71%, Test Loss: 0.9240, Test Acc: 81.51%, LR: 0.020000
Epoch [98/200], Step [100/391], Loss: 0.9737
Epoch [98/200], Step [200/391], Loss: 0.9998
Epoch [98/200], Step [300/391], Loss: 0.9715
Epoch [98/200] - Train Loss: 0.9779, Train Acc: 78.62%, Test Loss: 0.8960, Test Acc: 82.62%, LR: 0.020000
Epoch [99/200], Step [100/391], Loss: 0.9847
Epoch [99/200], Step [200/391], Loss: 0.9766
Epoch [99/200], Step [300/391], Loss: 0.9637
Epoch [99/200] - Train Loss: 0.9762, Train Acc: 78.57%, Test Loss: 0.8760, Test Acc: 83.34%, LR: 0.020000
Epoch [100/200], Step [100/391], Loss: 0.9823
Epoch [100/200], Step [200/391], Loss: 0.9910
Epoch [100/200], Step [300/391], Loss: 0.9799
Epoch [100/200] - Train Loss: 0.9805, Train Acc: 78.50%, Test Loss: 0.9033, Test Acc: 82.01%, LR: 0.020000
Epoch [101/200], Step [100/391], Loss: 0.9788
Epoch [101/200], Step [200/391], Loss: 0.9680
Epoch [101/200], Step [300/391], Loss: 0.9919
Epoch [101/200] - Train Loss: 0.9748, Train Acc: 78.73%, Test Loss: 0.8922, Test Acc: 82.84%, LR: 0.020000
Epoch [102/200], Step [100/391], Loss: 0.9783
Epoch [102/200], Step [200/391], Loss: 0.9727
Epoch [102/200], Step [300/391], Loss: 0.9713
Epoch [102/200] - Train Loss: 0.9726, Train Acc: 78.89%, Test Loss: 0.9083, Test Acc: 82.15%, LR: 0.020000
Epoch [103/200], Step [100/391], Loss: 0.9707
Epoch [103/200], Step [200/391], Loss: 0.9837
Epoch [103/200], Step [300/391], Loss: 0.9847
Epoch [103/200] - Train Loss: 0.9771, Train Acc: 78.72%, Test Loss: 0.8809, Test Acc: 83.25%, LR: 0.020000
Epoch [104/200], Step [100/391], Loss: 0.9868
Epoch [104/200], Step [200/391], Loss: 0.9714
Epoch [104/200], Step [300/391], Loss: 0.9835
Epoch [104/200] - Train Loss: 0.9755, Train Acc: 78.75%, Test Loss: 0.8862, Test Acc: 82.98%, LR: 0.020000
Epoch [105/200], Step [100/391], Loss: 0.9744
Epoch [105/200], Step [200/391], Loss: 0.9737
Epoch [105/200], Step [300/391], Loss: 0.9852
Epoch [105/200] - Train Loss: 0.9755, Train Acc: 78.70%, Test Loss: 0.8797, Test Acc: 83.10%, LR: 0.020000
Epoch [106/200], Step [100/391], Loss: 0.9872
Epoch [106/200], Step [200/391], Loss: 0.9719
Epoch [106/200], Step [300/391], Loss: 0.9826
Epoch [106/200] - Train Loss: 0.9768, Train Acc: 78.49%, Test Loss: 0.8823, Test Acc: 82.96%, LR: 0.020000
Epoch [107/200], Step [100/391], Loss: 0.9752
Epoch [107/200], Step [200/391], Loss: 0.9687
Epoch [107/200], Step [300/391], Loss: 0.9745
Epoch [107/200] - Train Loss: 0.9709, Train Acc: 78.89%, Test Loss: 0.8832, Test Acc: 83.10%, LR: 0.020000
Epoch [108/200], Step [100/391], Loss: 0.9822
Epoch [108/200], Step [200/391], Loss: 0.9618
Epoch [108/200], Step [300/391], Loss: 0.9799
Epoch [108/200] - Train Loss: 0.9728, Train Acc: 78.80%, Test Loss: 0.8750, Test Acc: 83.46%, LR: 0.020000
Epoch [109/200], Step [100/391], Loss: 0.9814
Epoch [109/200], Step [200/391], Loss: 0.9693
Epoch [109/200], Step [300/391], Loss: 0.9817
Epoch [109/200] - Train Loss: 0.9725, Train Acc: 78.70%, Test Loss: 0.8823, Test Acc: 83.20%, LR: 0.020000
Epoch [110/200], Step [100/391], Loss: 0.9778
Epoch [110/200], Step [200/391], Loss: 0.9676
Epoch [110/200], Step [300/391], Loss: 0.9731
Epoch [110/200] - Train Loss: 0.9711, Train Acc: 78.91%, Test Loss: 0.8838, Test Acc: 83.07%, LR: 0.020000
Epoch [111/200], Step [100/391], Loss: 0.9712
Epoch [111/200], Step [200/391], Loss: 0.9684
Epoch [111/200], Step [300/391], Loss: 0.9710
Epoch [111/200] - Train Loss: 0.9685, Train Acc: 79.02%, Test Loss: 0.9080, Test Acc: 81.85%, LR: 0.020000
Epoch [112/200], Step [100/391], Loss: 0.9746
Epoch [112/200], Step [200/391], Loss: 0.9707
Epoch [112/200], Step [300/391], Loss: 0.9789
Epoch [112/200] - Train Loss: 0.9698, Train Acc: 79.03%, Test Loss: 0.9321, Test Acc: 81.30%, LR: 0.020000
Epoch [113/200], Step [100/391], Loss: 0.9776
Epoch [113/200], Step [200/391], Loss: 0.9732
Epoch [113/200], Step [300/391], Loss: 0.9823
Epoch [113/200] - Train Loss: 0.9734, Train Acc: 78.63%, Test Loss: 0.8785, Test Acc: 83.19%, LR: 0.020000
Epoch [114/200], Step [100/391], Loss: 0.9703
Epoch [114/200], Step [200/391], Loss: 0.9685
Epoch [114/200], Step [300/391], Loss: 0.9681
Epoch [114/200] - Train Loss: 0.9691, Train Acc: 79.06%, Test Loss: 0.8834, Test Acc: 83.03%, LR: 0.020000
Epoch [115/200], Step [100/391], Loss: 0.9669
Epoch [115/200], Step [200/391], Loss: 0.9742
Epoch [115/200], Step [300/391], Loss: 0.9717
Epoch [115/200] - Train Loss: 0.9691, Train Acc: 78.91%, Test Loss: 0.8768, Test Acc: 83.81%, LR: 0.020000
Epoch [116/200], Step [100/391], Loss: 0.9805
Epoch [116/200], Step [200/391], Loss: 0.9642
Epoch [116/200], Step [300/391], Loss: 0.9655
Epoch [116/200] - Train Loss: 0.9659, Train Acc: 79.13%, Test Loss: 0.8657, Test Acc: 83.68%, LR: 0.020000
Epoch [117/200], Step [100/391], Loss: 0.9792
Epoch [117/200], Step [200/391], Loss: 0.9495
Epoch [117/200], Step [300/391], Loss: 0.9692
Epoch [117/200] - Train Loss: 0.9627, Train Acc: 79.37%, Test Loss: 0.8719, Test Acc: 83.51%, LR: 0.020000
Epoch [118/200], Step [100/391], Loss: 0.9750
Epoch [118/200], Step [200/391], Loss: 0.9521
Epoch [118/200], Step [300/391], Loss: 0.9660
Epoch [118/200] - Train Loss: 0.9611, Train Acc: 79.39%, Test Loss: 0.8945, Test Acc: 82.80%, LR: 0.020000
Epoch [119/200], Step [100/391], Loss: 0.9633
Epoch [119/200], Step [200/391], Loss: 0.9639
Epoch [119/200], Step [300/391], Loss: 0.9726
Epoch [119/200] - Train Loss: 0.9661, Train Acc: 79.14%, Test Loss: 0.8818, Test Acc: 83.28%, LR: 0.020000
Epoch [120/200], Step [100/391], Loss: 0.9637
Epoch [120/200], Step [200/391], Loss: 0.9677
Epoch [120/200], Step [300/391], Loss: 0.9694
Epoch [120/200] - Train Loss: 0.9639, Train Acc: 79.17%, Test Loss: 0.9093, Test Acc: 82.03%, LR: 0.004000
Epoch [121/200], Step [100/391], Loss: 0.9278
Epoch [121/200], Step [200/391], Loss: 0.8795
Epoch [121/200], Step [300/391], Loss: 0.8743
⭐ New best accuracy: 86.94% at epoch 121 (saved)
Epoch [121/200] - Train Loss: 0.8867, Train Acc: 82.70%, Test Loss: 0.8015, Test Acc: 86.94%, LR: 0.004000
Epoch [122/200], Step [100/391], Loss: 0.8658
Epoch [122/200], Step [200/391], Loss: 0.8648
Epoch [122/200], Step [300/391], Loss: 0.8545
⭐ New best accuracy: 87.01% at epoch 122 (saved)
Epoch [122/200] - Train Loss: 0.8585, Train Acc: 83.99%, Test Loss: 0.7966, Test Acc: 87.01%, LR: 0.004000
Epoch [123/200], Step [100/391], Loss: 0.8573
Epoch [123/200], Step [200/391], Loss: 0.8554
Epoch [123/200], Step [300/391], Loss: 0.8514
Epoch [123/200] - Train Loss: 0.8492, Train Acc: 84.47%, Test Loss: 0.8013, Test Acc: 86.61%, LR: 0.004000
Epoch [124/200], Step [100/391], Loss: 0.8453
Epoch [124/200], Step [200/391], Loss: 0.8437
Epoch [124/200], Step [300/391], Loss: 0.8406
Epoch [124/200] - Train Loss: 0.8413, Train Acc: 84.64%, Test Loss: 0.7963, Test Acc: 86.93%, LR: 0.004000
Epoch [125/200], Step [100/391], Loss: 0.8443
Epoch [125/200], Step [200/391], Loss: 0.8358
Epoch [125/200], Step [300/391], Loss: 0.8440
⭐ New best accuracy: 87.32% at epoch 125 (saved)
Epoch [125/200] - Train Loss: 0.8397, Train Acc: 84.81%, Test Loss: 0.7907, Test Acc: 87.32%, LR: 0.004000
Epoch [126/200], Step [100/391], Loss: 0.8462
Epoch [126/200], Step [200/391], Loss: 0.8396
Epoch [126/200], Step [300/391], Loss: 0.8327
Epoch [126/200] - Train Loss: 0.8371, Train Acc: 84.91%, Test Loss: 0.7907, Test Acc: 87.18%, LR: 0.004000
Epoch [127/200], Step [100/391], Loss: 0.8374
Epoch [127/200], Step [200/391], Loss: 0.8358
Epoch [127/200], Step [300/391], Loss: 0.8320
Epoch [127/200] - Train Loss: 0.8292, Train Acc: 85.18%, Test Loss: 0.7903, Test Acc: 87.17%, LR: 0.004000
Epoch [128/200], Step [100/391], Loss: 0.8343
Epoch [128/200], Step [200/391], Loss: 0.8307
Epoch [128/200], Step [300/391], Loss: 0.8299
Epoch [128/200] - Train Loss: 0.8270, Train Acc: 85.37%, Test Loss: 0.7948, Test Acc: 86.89%, LR: 0.004000
Epoch [129/200], Step [100/391], Loss: 0.8329
Epoch [129/200], Step [200/391], Loss: 0.8206
Epoch [129/200], Step [300/391], Loss: 0.8234
Epoch [129/200] - Train Loss: 0.8231, Train Acc: 85.57%, Test Loss: 0.7899, Test Acc: 87.32%, LR: 0.004000
Epoch [130/200], Step [100/391], Loss: 0.8186
Epoch [130/200], Step [200/391], Loss: 0.8279
Epoch [130/200], Step [300/391], Loss: 0.8278
Epoch [130/200] - Train Loss: 0.8235, Train Acc: 85.56%, Test Loss: 0.7939, Test Acc: 86.87%, LR: 0.004000
Epoch [131/200], Step [100/391], Loss: 0.8301
Epoch [131/200], Step [200/391], Loss: 0.8203
Epoch [131/200], Step [300/391], Loss: 0.8272
Epoch [131/200] - Train Loss: 0.8194, Train Acc: 85.72%, Test Loss: 0.7866, Test Acc: 87.21%, LR: 0.004000
Epoch [132/200], Step [100/391], Loss: 0.8188
Epoch [132/200], Step [200/391], Loss: 0.8178
Epoch [132/200], Step [300/391], Loss: 0.8233
Epoch [132/200] - Train Loss: 0.8177, Train Acc: 85.76%, Test Loss: 0.7911, Test Acc: 87.15%, LR: 0.004000
Epoch [133/200], Step [100/391], Loss: 0.8126
Epoch [133/200], Step [200/391], Loss: 0.8204
Epoch [133/200], Step [300/391], Loss: 0.8295
Epoch [133/200] - Train Loss: 0.8194, Train Acc: 85.72%, Test Loss: 0.7913, Test Acc: 87.14%, LR: 0.004000
Epoch [134/200], Step [100/391], Loss: 0.8170
Epoch [134/200], Step [200/391], Loss: 0.8200
Epoch [134/200], Step [300/391], Loss: 0.8176
Epoch [134/200] - Train Loss: 0.8181, Train Acc: 85.72%, Test Loss: 0.7917, Test Acc: 87.30%, LR: 0.004000
Epoch [135/200], Step [100/391], Loss: 0.8209
Epoch [135/200], Step [200/391], Loss: 0.8127
Epoch [135/200], Step [300/391], Loss: 0.8158
⭐ New best accuracy: 87.37% at epoch 135 (saved)
Epoch [135/200] - Train Loss: 0.8135, Train Acc: 85.89%, Test Loss: 0.7897, Test Acc: 87.37%, LR: 0.004000
Epoch [136/200], Step [100/391], Loss: 0.8185
Epoch [136/200], Step [200/391], Loss: 0.8205
Epoch [136/200], Step [300/391], Loss: 0.8105
Epoch [136/200] - Train Loss: 0.8157, Train Acc: 85.79%, Test Loss: 0.7993, Test Acc: 86.90%, LR: 0.004000
Epoch [137/200], Step [100/391], Loss: 0.8259
Epoch [137/200], Step [200/391], Loss: 0.8116
Epoch [137/200], Step [300/391], Loss: 0.8140
Epoch [137/200] - Train Loss: 0.8131, Train Acc: 85.96%, Test Loss: 0.7923, Test Acc: 87.01%, LR: 0.004000
Epoch [138/200], Step [100/391], Loss: 0.8261
Epoch [138/200], Step [200/391], Loss: 0.8110
Epoch [138/200], Step [300/391], Loss: 0.8113
Epoch [138/200] - Train Loss: 0.8120, Train Acc: 85.93%, Test Loss: 0.7893, Test Acc: 87.27%, LR: 0.004000
Epoch [139/200], Step [100/391], Loss: 0.8088
Epoch [139/200], Step [200/391], Loss: 0.8120
Epoch [139/200], Step [300/391], Loss: 0.8088
Epoch [139/200] - Train Loss: 0.8057, Train Acc: 86.38%, Test Loss: 0.7955, Test Acc: 87.27%, LR: 0.004000
Epoch [140/200], Step [100/391], Loss: 0.8109
Epoch [140/200], Step [200/391], Loss: 0.8067
Epoch [140/200], Step [300/391], Loss: 0.8044
Epoch [140/200] - Train Loss: 0.8041, Train Acc: 86.32%, Test Loss: 0.7993, Test Acc: 86.92%, LR: 0.004000
Epoch [141/200], Step [100/391], Loss: 0.8197
Epoch [141/200], Step [200/391], Loss: 0.8015
Epoch [141/200], Step [300/391], Loss: 0.8140
Epoch [141/200] - Train Loss: 0.8097, Train Acc: 86.11%, Test Loss: 0.7963, Test Acc: 86.99%, LR: 0.004000
Epoch [142/200], Step [100/391], Loss: 0.8043
Epoch [142/200], Step [200/391], Loss: 0.8103
Epoch [142/200], Step [300/391], Loss: 0.8184
⭐ New best accuracy: 87.55% at epoch 142 (saved)
Epoch [142/200] - Train Loss: 0.8065, Train Acc: 86.24%, Test Loss: 0.7913, Test Acc: 87.55%, LR: 0.004000
Epoch [143/200], Step [100/391], Loss: 0.8085
Epoch [143/200], Step [200/391], Loss: 0.8001
Epoch [143/200], Step [300/391], Loss: 0.8031
Epoch [143/200] - Train Loss: 0.8047, Train Acc: 86.32%, Test Loss: 0.7945, Test Acc: 87.24%, LR: 0.004000
Epoch [144/200], Step [100/391], Loss: 0.8098
Epoch [144/200], Step [200/391], Loss: 0.8001
Epoch [144/200], Step [300/391], Loss: 0.7963
Epoch [144/200] - Train Loss: 0.8017, Train Acc: 86.46%, Test Loss: 0.7922, Test Acc: 87.38%, LR: 0.004000
Epoch [145/200], Step [100/391], Loss: 0.8005
Epoch [145/200], Step [200/391], Loss: 0.8025
Epoch [145/200], Step [300/391], Loss: 0.8104
Epoch [145/200] - Train Loss: 0.8040, Train Acc: 86.37%, Test Loss: 0.7975, Test Acc: 87.11%, LR: 0.004000
Epoch [146/200], Step [100/391], Loss: 0.8091
Epoch [146/200], Step [200/391], Loss: 0.7937
Epoch [146/200], Step [300/391], Loss: 0.8121
Epoch [146/200] - Train Loss: 0.8035, Train Acc: 86.42%, Test Loss: 0.7995, Test Acc: 87.00%, LR: 0.004000
Epoch [147/200], Step [100/391], Loss: 0.8133
Epoch [147/200], Step [200/391], Loss: 0.8034
Epoch [147/200], Step [300/391], Loss: 0.8042
Epoch [147/200] - Train Loss: 0.8045, Train Acc: 86.33%, Test Loss: 0.7986, Test Acc: 86.91%, LR: 0.004000
Epoch [148/200], Step [100/391], Loss: 0.8018
Epoch [148/200], Step [200/391], Loss: 0.7981
Epoch [148/200], Step [300/391], Loss: 0.7955
Epoch [148/200] - Train Loss: 0.7962, Train Acc: 86.66%, Test Loss: 0.7937, Test Acc: 87.36%, LR: 0.004000
Epoch [149/200], Step [100/391], Loss: 0.8086
Epoch [149/200], Step [200/391], Loss: 0.7925
Epoch [149/200], Step [300/391], Loss: 0.8125
Epoch [149/200] - Train Loss: 0.8044, Train Acc: 86.36%, Test Loss: 0.7996, Test Acc: 87.15%, LR: 0.004000
Epoch [150/200], Step [100/391], Loss: 0.8054
Epoch [150/200], Step [200/391], Loss: 0.8015
Epoch [150/200], Step [300/391], Loss: 0.7962
Epoch [150/200] - Train Loss: 0.8003, Train Acc: 86.52%, Test Loss: 0.7910, Test Acc: 87.54%, LR: 0.004000
Epoch [151/200], Step [100/391], Loss: 0.8069
Epoch [151/200], Step [200/391], Loss: 0.8060
Epoch [151/200], Step [300/391], Loss: 0.8072
Epoch [151/200] - Train Loss: 0.8042, Train Acc: 86.34%, Test Loss: 0.7994, Test Acc: 86.93%, LR: 0.004000
Epoch [152/200], Step [100/391], Loss: 0.8062
Epoch [152/200], Step [200/391], Loss: 0.7909
Epoch [152/200], Step [300/391], Loss: 0.7966
Epoch [152/200] - Train Loss: 0.8001, Train Acc: 86.52%, Test Loss: 0.8000, Test Acc: 86.90%, LR: 0.004000
Epoch [153/200], Step [100/391], Loss: 0.7980
Epoch [153/200], Step [200/391], Loss: 0.8049
Epoch [153/200], Step [300/391], Loss: 0.8031
Epoch [153/200] - Train Loss: 0.8011, Train Acc: 86.53%, Test Loss: 0.7910, Test Acc: 87.14%, LR: 0.004000
Epoch [154/200], Step [100/391], Loss: 0.7982
Epoch [154/200], Step [200/391], Loss: 0.8044
Epoch [154/200], Step [300/391], Loss: 0.8018
Epoch [154/200] - Train Loss: 0.7989, Train Acc: 86.79%, Test Loss: 0.7980, Test Acc: 87.03%, LR: 0.004000
Epoch [155/200], Step [100/391], Loss: 0.8070
Epoch [155/200], Step [200/391], Loss: 0.7872
Epoch [155/200], Step [300/391], Loss: 0.7963
Epoch [155/200] - Train Loss: 0.7955, Train Acc: 86.49%, Test Loss: 0.8050, Test Acc: 86.72%, LR: 0.004000
Epoch [156/200], Step [100/391], Loss: 0.8104
Epoch [156/200], Step [200/391], Loss: 0.7952
Epoch [156/200], Step [300/391], Loss: 0.8105
Epoch [156/200] - Train Loss: 0.8031, Train Acc: 86.28%, Test Loss: 0.8093, Test Acc: 86.56%, LR: 0.004000
Epoch [157/200], Step [100/391], Loss: 0.8098
Epoch [157/200], Step [200/391], Loss: 0.7905
Epoch [157/200], Step [300/391], Loss: 0.7954
Epoch [157/200] - Train Loss: 0.7992, Train Acc: 86.43%, Test Loss: 0.7913, Test Acc: 87.35%, LR: 0.004000
Epoch [158/200], Step [100/391], Loss: 0.7947
Epoch [158/200], Step [200/391], Loss: 0.7947
Epoch [158/200], Step [300/391], Loss: 0.8022
Epoch [158/200] - Train Loss: 0.7977, Train Acc: 86.80%, Test Loss: 0.8006, Test Acc: 86.62%, LR: 0.004000
Epoch [159/200], Step [100/391], Loss: 0.8077
Epoch [159/200], Step [200/391], Loss: 0.8004
Epoch [159/200], Step [300/391], Loss: 0.8023
Epoch [159/200] - Train Loss: 0.7987, Train Acc: 86.69%, Test Loss: 0.7964, Test Acc: 87.17%, LR: 0.004000
Epoch [160/200], Step [100/391], Loss: 0.8002
Epoch [160/200], Step [200/391], Loss: 0.8061
Epoch [160/200], Step [300/391], Loss: 0.7996
Epoch [160/200] - Train Loss: 0.7994, Train Acc: 86.54%, Test Loss: 0.7948, Test Acc: 87.34%, LR: 0.000800
Epoch [161/200], Step [100/391], Loss: 0.7864
Epoch [161/200], Step [200/391], Loss: 0.7545
Epoch [161/200], Step [300/391], Loss: 0.7613
⭐ New best accuracy: 88.14% at epoch 161 (saved)
Epoch [161/200] - Train Loss: 0.7639, Train Acc: 88.18%, Test Loss: 0.7746, Test Acc: 88.14%, LR: 0.000800
Epoch [162/200], Step [100/391], Loss: 0.7574
Epoch [162/200], Step [200/391], Loss: 0.7516
Epoch [162/200], Step [300/391], Loss: 0.7561
⭐ New best accuracy: 88.45% at epoch 162 (saved)
Epoch [162/200] - Train Loss: 0.7519, Train Acc: 88.75%, Test Loss: 0.7712, Test Acc: 88.45%, LR: 0.000800
Epoch [163/200], Step [100/391], Loss: 0.7624
Epoch [163/200], Step [200/391], Loss: 0.7474
Epoch [163/200], Step [300/391], Loss: 0.7439
Epoch [163/200] - Train Loss: 0.7475, Train Acc: 88.82%, Test Loss: 0.7709, Test Acc: 88.38%, LR: 0.000800
Epoch [164/200], Step [100/391], Loss: 0.7452
Epoch [164/200], Step [200/391], Loss: 0.7436
Epoch [164/200], Step [300/391], Loss: 0.7380
⭐ New best accuracy: 88.55% at epoch 164 (saved)
Epoch [164/200] - Train Loss: 0.7408, Train Acc: 89.35%, Test Loss: 0.7736, Test Acc: 88.55%, LR: 0.000800
Epoch [165/200], Step [100/391], Loss: 0.7550
Epoch [165/200], Step [200/391], Loss: 0.7392
Epoch [165/200], Step [300/391], Loss: 0.7497
⭐ New best accuracy: 88.63% at epoch 165 (saved)
Epoch [165/200] - Train Loss: 0.7430, Train Acc: 89.27%, Test Loss: 0.7738, Test Acc: 88.63%, LR: 0.000800
Epoch [166/200], Step [100/391], Loss: 0.7498
Epoch [166/200], Step [200/391], Loss: 0.7379
Epoch [166/200], Step [300/391], Loss: 0.7392
Epoch [166/200] - Train Loss: 0.7393, Train Acc: 89.29%, Test Loss: 0.7715, Test Acc: 88.49%, LR: 0.000800
Epoch [167/200], Step [100/391], Loss: 0.7413
Epoch [167/200], Step [200/391], Loss: 0.7397
Epoch [167/200], Step [300/391], Loss: 0.7425
Epoch [167/200] - Train Loss: 0.7365, Train Acc: 89.42%, Test Loss: 0.7710, Test Acc: 88.59%, LR: 0.000800
Epoch [168/200], Step [100/391], Loss: 0.7436
Epoch [168/200], Step [200/391], Loss: 0.7375
Epoch [168/200], Step [300/391], Loss: 0.7331
Epoch [168/200] - Train Loss: 0.7362, Train Acc: 89.62%, Test Loss: 0.7707, Test Acc: 88.45%, LR: 0.000800
Epoch [169/200], Step [100/391], Loss: 0.7461
Epoch [169/200], Step [200/391], Loss: 0.7412
Epoch [169/200], Step [300/391], Loss: 0.7279
Epoch [169/200] - Train Loss: 0.7379, Train Acc: 89.40%, Test Loss: 0.7714, Test Acc: 88.49%, LR: 0.000800
Epoch [170/200], Step [100/391], Loss: 0.7346
Epoch [170/200], Step [200/391], Loss: 0.7400
Epoch [170/200], Step [300/391], Loss: 0.7379
Epoch [170/200] - Train Loss: 0.7355, Train Acc: 89.52%, Test Loss: 0.7721, Test Acc: 88.27%, LR: 0.000800
Epoch [171/200], Step [100/391], Loss: 0.7401
Epoch [171/200], Step [200/391], Loss: 0.7267
Epoch [171/200], Step [300/391], Loss: 0.7379
Epoch [171/200] - Train Loss: 0.7322, Train Acc: 89.63%, Test Loss: 0.7752, Test Acc: 88.41%, LR: 0.000800
Epoch [172/200], Step [100/391], Loss: 0.7369
Epoch [172/200], Step [200/391], Loss: 0.7348
Epoch [172/200], Step [300/391], Loss: 0.7314
Epoch [172/200] - Train Loss: 0.7315, Train Acc: 89.66%, Test Loss: 0.7726, Test Acc: 88.50%, LR: 0.000800
Epoch [173/200], Step [100/391], Loss: 0.7352
Epoch [173/200], Step [200/391], Loss: 0.7332
Epoch [173/200], Step [300/391], Loss: 0.7277
Epoch [173/200] - Train Loss: 0.7274, Train Acc: 89.87%, Test Loss: 0.7697, Test Acc: 88.48%, LR: 0.000800
Epoch [174/200], Step [100/391], Loss: 0.7318
Epoch [174/200], Step [200/391], Loss: 0.7363
Epoch [174/200], Step [300/391], Loss: 0.7254
Epoch [174/200] - Train Loss: 0.7316, Train Acc: 89.66%, Test Loss: 0.7736, Test Acc: 88.45%, LR: 0.000800
Epoch [175/200], Step [100/391], Loss: 0.7360
Epoch [175/200], Step [200/391], Loss: 0.7292
Epoch [175/200], Step [300/391], Loss: 0.7324
Epoch [175/200] - Train Loss: 0.7296, Train Acc: 89.66%, Test Loss: 0.7746, Test Acc: 88.40%, LR: 0.000800
Epoch [176/200], Step [100/391], Loss: 0.7288
Epoch [176/200], Step [200/391], Loss: 0.7279
Epoch [176/200], Step [300/391], Loss: 0.7303
Epoch [176/200] - Train Loss: 0.7283, Train Acc: 89.68%, Test Loss: 0.7731, Test Acc: 88.40%, LR: 0.000800
Epoch [177/200], Step [100/391], Loss: 0.7265
Epoch [177/200], Step [200/391], Loss: 0.7221
Epoch [177/200], Step [300/391], Loss: 0.7311
⭐ New best accuracy: 88.68% at epoch 177 (saved)
Epoch [177/200] - Train Loss: 0.7263, Train Acc: 89.92%, Test Loss: 0.7708, Test Acc: 88.68%, LR: 0.000800
Epoch [178/200], Step [100/391], Loss: 0.7234
Epoch [178/200], Step [200/391], Loss: 0.7223
Epoch [178/200], Step [300/391], Loss: 0.7333
Epoch [178/200] - Train Loss: 0.7235, Train Acc: 90.02%, Test Loss: 0.7716, Test Acc: 88.53%, LR: 0.000800
Epoch [179/200], Step [100/391], Loss: 0.7273
Epoch [179/200], Step [200/391], Loss: 0.7297
Epoch [179/200], Step [300/391], Loss: 0.7243
⭐ New best accuracy: 88.69% at epoch 179 (saved)
Epoch [179/200] - Train Loss: 0.7276, Train Acc: 89.87%, Test Loss: 0.7702, Test Acc: 88.69%, LR: 0.000800
Epoch [180/200], Step [100/391], Loss: 0.7282
Epoch [180/200], Step [200/391], Loss: 0.7179
Epoch [180/200], Step [300/391], Loss: 0.7241
Epoch [180/200] - Train Loss: 0.7236, Train Acc: 89.88%, Test Loss: 0.7716, Test Acc: 88.46%, LR: 0.000800
Epoch [181/200], Step [100/391], Loss: 0.7350
Epoch [181/200], Step [200/391], Loss: 0.7250
Epoch [181/200], Step [300/391], Loss: 0.7168
⭐ New best accuracy: 88.70% at epoch 181 (saved)
Epoch [181/200] - Train Loss: 0.7209, Train Acc: 90.19%, Test Loss: 0.7717, Test Acc: 88.70%, LR: 0.000800
Epoch [182/200], Step [100/391], Loss: 0.7229
Epoch [182/200], Step [200/391], Loss: 0.7208
Epoch [182/200], Step [300/391], Loss: 0.7218
Epoch [182/200] - Train Loss: 0.7220, Train Acc: 90.14%, Test Loss: 0.7751, Test Acc: 88.29%, LR: 0.000800
Epoch [183/200], Step [100/391], Loss: 0.7207
Epoch [183/200], Step [200/391], Loss: 0.7180
Epoch [183/200], Step [300/391], Loss: 0.7279
Epoch [183/200] - Train Loss: 0.7173, Train Acc: 90.27%, Test Loss: 0.7712, Test Acc: 88.65%, LR: 0.000800
Epoch [184/200], Step [100/391], Loss: 0.7213
Epoch [184/200], Step [200/391], Loss: 0.7073
Epoch [184/200], Step [300/391], Loss: 0.7220
Epoch [184/200] - Train Loss: 0.7189, Train Acc: 90.29%, Test Loss: 0.7736, Test Acc: 88.61%, LR: 0.000800
Epoch [185/200], Step [100/391], Loss: 0.7267
Epoch [185/200], Step [200/391], Loss: 0.7269
Epoch [185/200], Step [300/391], Loss: 0.7233
Epoch [185/200] - Train Loss: 0.7214, Train Acc: 90.01%, Test Loss: 0.7760, Test Acc: 88.52%, LR: 0.000800
Epoch [186/200], Step [100/391], Loss: 0.7157
Epoch [186/200], Step [200/391], Loss: 0.7193
Epoch [186/200], Step [300/391], Loss: 0.7212
Epoch [186/200] - Train Loss: 0.7172, Train Acc: 90.25%, Test Loss: 0.7787, Test Acc: 88.35%, LR: 0.000800
Epoch [187/200], Step [100/391], Loss: 0.7218
Epoch [187/200], Step [200/391], Loss: 0.7223
Epoch [187/200], Step [300/391], Loss: 0.7239
Epoch [187/200] - Train Loss: 0.7217, Train Acc: 90.12%, Test Loss: 0.7758, Test Acc: 88.50%, LR: 0.000800
Epoch [188/200], Step [100/391], Loss: 0.7217
Epoch [188/200], Step [200/391], Loss: 0.7201
Epoch [188/200], Step [300/391], Loss: 0.7111
Epoch [188/200] - Train Loss: 0.7169, Train Acc: 90.35%, Test Loss: 0.7763, Test Acc: 88.26%, LR: 0.000800
Epoch [189/200], Step [100/391], Loss: 0.7242
Epoch [189/200], Step [200/391], Loss: 0.7184
Epoch [189/200], Step [300/391], Loss: 0.7130
Epoch [189/200] - Train Loss: 0.7167, Train Acc: 90.27%, Test Loss: 0.7751, Test Acc: 88.38%, LR: 0.000800
Epoch [190/200], Step [100/391], Loss: 0.7218
Epoch [190/200], Step [200/391], Loss: 0.7100
Epoch [190/200], Step [300/391], Loss: 0.7218
Epoch [190/200] - Train Loss: 0.7182, Train Acc: 90.11%, Test Loss: 0.7765, Test Acc: 88.44%, LR: 0.000800
Epoch [191/200], Step [100/391], Loss: 0.7171
Epoch [191/200], Step [200/391], Loss: 0.7111
Epoch [191/200], Step [300/391], Loss: 0.7185
Epoch [191/200] - Train Loss: 0.7158, Train Acc: 90.30%, Test Loss: 0.7775, Test Acc: 88.30%, LR: 0.000800
Epoch [192/200], Step [100/391], Loss: 0.7204
Epoch [192/200], Step [200/391], Loss: 0.7289
Epoch [192/200], Step [300/391], Loss: 0.7143
Epoch [192/200] - Train Loss: 0.7181, Train Acc: 90.26%, Test Loss: 0.7801, Test Acc: 88.37%, LR: 0.000800
Epoch [193/200], Step [100/391], Loss: 0.7190
Epoch [193/200], Step [200/391], Loss: 0.7072
Epoch [193/200], Step [300/391], Loss: 0.7160
Epoch [193/200] - Train Loss: 0.7134, Train Acc: 90.44%, Test Loss: 0.7777, Test Acc: 88.47%, LR: 0.000800
Epoch [194/200], Step [100/391], Loss: 0.7214
Epoch [194/200], Step [200/391], Loss: 0.7061
Epoch [194/200], Step [300/391], Loss: 0.7153
Epoch [194/200] - Train Loss: 0.7135, Train Acc: 90.44%, Test Loss: 0.7825, Test Acc: 88.21%, LR: 0.000800
Epoch [195/200], Step [100/391], Loss: 0.7221
Epoch [195/200], Step [200/391], Loss: 0.7173
Epoch [195/200], Step [300/391], Loss: 0.7096
Epoch [195/200] - Train Loss: 0.7133, Train Acc: 90.45%, Test Loss: 0.7830, Test Acc: 88.25%, LR: 0.000800
Epoch [196/200], Step [100/391], Loss: 0.7046
Epoch [196/200], Step [200/391], Loss: 0.7191
Epoch [196/200], Step [300/391], Loss: 0.7162
Epoch [196/200] - Train Loss: 0.7112, Train Acc: 90.54%, Test Loss: 0.7808, Test Acc: 88.35%, LR: 0.000800
Epoch [197/200], Step [100/391], Loss: 0.7140
Epoch [197/200], Step [200/391], Loss: 0.7140
Epoch [197/200], Step [300/391], Loss: 0.7144
Epoch [197/200] - Train Loss: 0.7124, Train Acc: 90.49%, Test Loss: 0.7784, Test Acc: 88.19%, LR: 0.000800
Epoch [198/200], Step [100/391], Loss: 0.7172
Epoch [198/200], Step [200/391], Loss: 0.7062
Epoch [198/200], Step [300/391], Loss: 0.7153
Epoch [198/200] - Train Loss: 0.7122, Train Acc: 90.54%, Test Loss: 0.7839, Test Acc: 88.19%, LR: 0.000800
Epoch [199/200], Step [100/391], Loss: 0.7111
Epoch [199/200], Step [200/391], Loss: 0.7131
Epoch [199/200], Step [300/391], Loss: 0.7146
Epoch [199/200] - Train Loss: 0.7127, Train Acc: 90.51%, Test Loss: 0.7761, Test Acc: 88.28%, LR: 0.000800
Epoch [200/200], Step [100/391], Loss: 0.7125
Epoch [200/200], Step [200/391], Loss: 0.7198
Epoch [200/200], Step [300/391], Loss: 0.7237
Epoch [200/200] - Train Loss: 0.7144, Train Acc: 90.45%, Test Loss: 0.7777, Test Acc: 88.48%, LR: 0.000800
Training Done
Best Test Accuracy: 88.70% at epoch 181

✓ Loaded best model from epoch 181 with 88.70% accuracy
Final Test Accuracy: 88.70%

================================================================================
STARTING TRAK ATTRIBUTION ANALYSIS
================================================================================

Model accuracy for TRAK: 88.70%
Gradient dimension: 11,182,538
Total parameters: 11.18M
✓ Created trainloader_trak (non-shuffled)
TRAK initialized successfully
✅ Checkpoint loaded into TRAK - ready for featurization!

Computing gradient features for training data...
Batch 0/391 | GPU Memory: 4.63GB
Batch 100/391 | GPU Memory: 4.63GB
Batch 200/391 | GPU Memory: 4.63GB
Batch 300/391 | GPU Memory: 4.63GB
✅ Featurization complete!

Selected 10 test samples for attribution analysis
Test labels: ['cat', 'ship', 'ship', 'plane', 'frog', 'frog', 'car', 'frog', 'cat', 'car']

Computing attribution scores...
Phase 1: Scoring TRAINING data...
Phase 2: Scoring TEST samples...
  Processed 5/10 targets
  Processed 10/10 targets

Finalizing scores...
Transposed scores for correct orientation

============================================================
Test sample 0 (True label: cat)
============================================================
Top 5 most influential training examples:
  1. Train sample 34159 | Label: cat      ✓ | Score: 10.6328
  2. Train sample 10493 | Label: plane    ✗ | Score:  9.9531
  3. Train sample 16309 | Label: car      ✗ | Score:  8.9375
  4. Train sample  8658 | Label: truck    ✗ | Score:  8.5859
  5. Train sample 23761 | Label: cat      ✓ | Score:  8.1172

Least influential (for comparison):
  1. Train sample  3415 | Label: car      | Score: -9.9844
  2. Train sample 46938 | Label: ship     | Score: -9.9688
  3. Train sample 47106 | Label: plane    | Score: -8.4922

============================================================
Test sample 1 (True label: ship)
============================================================
Top 5 most influential training examples:
  1. Train sample 31511 | Label: ship     ✓ | Score:  2.5840
  2. Train sample  2530 | Label: cat      ✗ | Score:  2.3125
  3. Train sample 16948 | Label: deer     ✗ | Score:  2.2949
  4. Train sample 48352 | Label: frog     ✗ | Score:  2.1641
  5. Train sample 16462 | Label: bird     ✗ | Score:  2.1133

============================================================
Test sample 2 (True label: ship)
============================================================
Top 5 most influential training examples:
  1. Train sample 20064 | Label: ship     ✓ | Score:  2.5410
  2. Train sample 27233 | Label: cat      ✗ | Score:  1.8311
  3. Train sample 16855 | Label: car      ✗ | Score:  1.7490
  4. Train sample 40714 | Label: bird     ✗ | Score:  1.7285
  5. Train sample  2673 | Label: deer     ✗ | Score:  1.6963

============================================================
Test sample 3 (True label: plane)
============================================================
Top 5 most influential training examples:
  1. Train sample 28563 | Label: cat      ✗ | Score:  9.5625
  2. Train sample 37867 | Label: plane    ✓ | Score:  8.9375
  3. Train sample  4655 | Label: plane    ✓ | Score:  8.5859
  4. Train sample   527 | Label: plane    ✓ | Score:  8.3281
  5. Train sample 48034 | Label: truck    ✗ | Score:  8.3125

============================================================
Test sample 4 (True label: frog)
============================================================
Top 5 most influential training examples:
  1. Train sample  4481 | Label: cat      ✗ | Score:  2.4570
  2. Train sample 10417 | Label: bird     ✗ | Score:  2.3613
  3. Train sample 27373 | Label: bird     ✗ | Score:  2.3516
  4. Train sample  6900 | Label: truck    ✗ | Score:  2.3203
  5. Train sample  4580 | Label: ship     ✗ | Score:  2.2344

============================================================
Test sample 5 (True label: frog)
============================================================
Top 5 most influential training examples:
  1. Train sample  5583 | Label: frog     ✓ | Score: 14.5781
  2. Train sample 45450 | Label: dog      ✗ | Score:  8.7891
  3. Train sample 21231 | Label: plane    ✗ | Score:  8.5938
  4. Train sample 31321 | Label: horse    ✗ | Score:  7.4219
  5. Train sample 31182 | Label: ship     ✗ | Score:  7.2656

============================================================
Test sample 6 (True label: car)
============================================================
Top 5 most influential training examples:
  1. Train sample  6851 | Label: car      ✓ | Score: 11.9766
  2. Train sample 42761 | Label: car      ✓ | Score: 11.6719
  3. Train sample 16970 | Label: frog     ✗ | Score: 10.4531
  4. Train sample 28035 | Label: plane    ✗ | Score: 10.3906
  5. Train sample 17233 | Label: plane    ✗ | Score: 10.1406

============================================================
Test sample 7 (True label: frog)
============================================================
Top 5 most influential training examples:
  1. Train sample 29646 | Label: horse    ✗ | Score:  2.8398
  2. Train sample  5134 | Label: frog     ✓ | Score:  2.7891
  3. Train sample 43540 | Label: ship     ✗ | Score:  2.5703
  4. Train sample 37007 | Label: car      ✗ | Score:  2.5371
  5. Train sample 21725 | Label: bird     ✗ | Score:  2.3652

============================================================
Test sample 8 (True label: cat)
============================================================
Top 5 most influential training examples:
  1. Train sample 28919 | Label: plane    ✗ | Score:  4.8320
  2. Train sample 20571 | Label: cat      ✓ | Score:  4.7812
  3. Train sample 19896 | Label: dog      ✗ | Score:  4.4258
  4. Train sample 21487 | Label: bird     ✗ | Score:  4.3281
  5. Train sample 32779 | Label: horse    ✗ | Score:  4.1445

============================================================
Test sample 9 (True label: car)
============================================================
Top 5 most influential training examples:
  1. Train sample 12232 | Label: car      ✓ | Score: 51.5000
  2. Train sample 12755 | Label: car      ✓ | Score: 45.7812
  3. Train sample  4261 | Label: car      ✓ | Score: 38.8438
  4. Train sample 13405 | Label: dog      ✗ | Score: 32.0000
  5. Train sample 37940 | Label: frog     ✗ | Score: 29.2344

✅ Visualization saved to 'top_influential_samples.png'
✅ Attribution scores saved to 'attribution_scores.npy'

================================================================================
TRAK ANALYSIS COMPLETE!
Best model accuracy: 88.70% at epoch 181
================================================================================
